Log file open, 12/17/16 03:13:38
LogInit:Display: Running engine for game: TheLastLightV2
LogPlatformFile: Not using cached read wrapper
LogInit:Display: RandInit(-1150611257) SRandInit(-1150611255).
LogTaskGraph: Started task graph with 4 named threads and 7 total threads with 1 sets of task threads.
LogStats: Stats thread started at 0.067929
LogInit: Version: 4.12.5-3039270+++UE4+Release-4.12
LogInit: API Version: 2992821
LogInit: Net Version: 3039270
LogDevObjectVersion: Number of dev versions registered: 13
LogDevObjectVersion:   Dev-Blueprints (B0D832E4-1F89-4F0D-ACCF-7EB736FD4AA2): 3
LogDevObjectVersion:   Dev-Build (E1C64328-A22C-4D53-A36C-8E866417BD8C): 0
LogDevObjectVersion:   Dev-Core (375EC13C-06E4-48FB-B500-84F0262A717E): 1
LogDevObjectVersion:   Dev-Editor (E4B068ED-F494-42E9-A231-DA0B2E46BB41): 2
LogDevObjectVersion:   Dev-Framework (CFFC743F-43B0-4480-9391-14DF171D2073): 6
LogDevObjectVersion:   Dev-Mobile (B02B49B5-BB20-44E9-A304-32B752E40360): 0
LogDevObjectVersion:   Dev-Networking (A4E4105C-59A1-49B5-A7C5-40C4547EDFEE): 0
LogDevObjectVersion:   Dev-Online (39C831C9-5AE6-47DC-9A44-9C173E1C8E7C): 0
LogDevObjectVersion:   Dev-Physics (78F01B33-EBEA-4F98-B9B4-84EACCB95AA2): 0
LogDevObjectVersion:   Dev-Platform (6631380F-2D4D-43E0-8009-CF276956A95A): 0
LogDevObjectVersion:   Dev-Rendering (12F88B9F-8875-4AFC-A67C-D90C383ABD29): 2
LogDevObjectVersion:   Dev-Sequencer (7B5AE74C-D270-4C10-A958-57980B212A5A): 0
LogDevObjectVersion:   Dev-VR (D7296918-1DD6-4BDD-9DE2-64A83CC13884): 0
LogInit: Compiled (64-bit): Jul  6 2016 09:09:46
LogInit: Compiled with Visual C++: 19.00.23026.00
LogInit: Build Configuration: Development
LogInit: Branch Name: ++UE4+Release-4.12
LogInit: Command line:  
LogInit: Base directory: D:/Epic Games/4.12/Engine/Binaries/Win64/
LogInit: Installed Engine Build: 1
LogInit: Using libcurl 7.41.0
LogInit:  - built for x86_64-pc-win32
LogInit:  - supports SSL with WinSSL
LogInit:  - other features:
LogInit:      CURL_VERSION_SSL
LogInit:      CURL_VERSION_IPV6
LogInit:      CURL_VERSION_ASYNCHDNS
LogInit:      CURL_VERSION_LARGEFILE
LogInit:      CURL_VERSION_IDN
LogInit:  CurlRequestOptions (configurable via config and command line):
LogInit:  - bVerifyPeer = true  - Libcurl will verify peer certificate
LogInit:  - bUseHttpProxy = false  - Libcurl will NOT use HTTP proxy
LogInit:  - bDontReuseConnections = false  - Libcurl will reuse connections
LogInit:  - CertBundlePath = nullptr  - Libcurl will use whatever was configured at build time.
LogInit: Presizing for max 8388607 objects, including 0 objects not considered by GC, pre-allocating 0 bytes for permanent pool.
LogInit: Object subsystem initialized
[2016.12.17-11.13.38:955][  0]LogInit: Selected Device Profile: [Windows]
[2016.12.17-11.13.38:955][  0]LogInit: Applying CVar settings loaded from the selected device profile: [Windows]
[2016.12.17-11.13.38:966][  0]LogInit: Computer: DESKTOP-95OHUDB
[2016.12.17-11.13.38:966][  0]LogInit: User: dagnabbit
[2016.12.17-11.13.38:966][  0]LogInit: CPU Page size=65536, Cores=4
[2016.12.17-11.13.38:966][  0]LogInit: High frequency timer resolution =3.415991 MHz
[2016.12.17-11.13.38:966][  0]LogMemory: Memory total: Physical=15.9GB (16GB approx)
[2016.12.17-11.13.38:966][  0]LogMemory: Platform Memory Stats for Windows
[2016.12.17-11.13.38:966][  0]LogMemory: Process Physical Memory: 190.75 MB used, 190.75 MB peak
[2016.12.17-11.13.38:966][  0]LogMemory: Process Virtual Memory: 195.11 MB used, 195.11 MB peak
[2016.12.17-11.13.38:966][  0]LogMemory: Physical Memory: 9551.06 MB used, 16321.63 MB total
[2016.12.17-11.13.38:966][  0]LogMemory: Virtual Memory: 553.31 MB used, 134217728.00 MB total
[2016.12.17-11.13.38:994][  0]LogTextLocalizationManager: No specific translations for ('en-CA') exist, so ('en') translations will be used.
[2016.12.17-11.13.39:379][  0]LogD3D11RHI: D3D11 adapters:
[2016.12.17-11.13.39:407][  0]LogD3D11RHI:    0. 'NVIDIA GeForce GTX 1060 6GB' (Feature Level 11_0)
[2016.12.17-11.13.39:407][  0]LogD3D11RHI:       6100/0/8160 MB DedicatedVideo/DedicatedSystem/SharedSystem, Outputs:2, VendorId:0x10de
[2016.12.17-11.13.39:408][  0]LogD3D11RHI:    1. 'Microsoft Basic Render Driver' (Feature Level 11_0)
[2016.12.17-11.13.39:408][  0]LogD3D11RHI:       0/0/8160 MB DedicatedVideo/DedicatedSystem/SharedSystem, Outputs:0, VendorId:0x1414
[2016.12.17-11.13.39:408][  0]LogD3D11RHI: Chosen D3D11 Adapter: 0
[2016.12.17-11.13.39:413][  0]LogD3D11RHI: Creating new Direct3DDevice
[2016.12.17-11.13.39:413][  0]LogD3D11RHI:     GPU DeviceId: 0x1c03 (for the marketing name, search the web for "GPU Device Id")
[2016.12.17-11.13.39:413][  0]LogWindows: EnumDisplayDevices:
[2016.12.17-11.13.39:413][  0]LogWindows:    0. 'NVIDIA GeForce GTX 1060 6GB' (P:0 D:1)
[2016.12.17-11.13.39:413][  0]LogWindows:    1. 'NVIDIA GeForce GTX 1060 6GB' (P:1 D:1)
[2016.12.17-11.13.39:413][  0]LogWindows:    2. 'NVIDIA GeForce GTX 1060 6GB' (P:0 D:0)
[2016.12.17-11.13.39:413][  0]LogWindows:    3. 'NVIDIA GeForce GTX 1060 6GB' (P:0 D:0)
[2016.12.17-11.13.39:413][  0]LogWindows: DebugString: FoundDriverCount:4 
[2016.12.17-11.13.39:413][  0]LogD3D11RHI:     Adapter Name: NVIDIA GeForce GTX 1060 6GB
[2016.12.17-11.13.39:413][  0]LogD3D11RHI:   Driver Version: 372.70 (internal:21.21.13.7270, unified:372.70)
[2016.12.17-11.13.39:413][  0]LogD3D11RHI:      Driver Date: 8-25-2016
[2016.12.17-11.13.39:413][  0]LogRHI: Texture pool is 1361 MB (70% of 1945 MB)
[2016.12.17-11.13.39:428][  0]LogD3D11RHI: Async texture creation enabled
[2016.12.17-11.13.39:443][  0]LogD3D11RHI: GPU Timing Frequency: 1000.000000 (Debug: 2 2)
[2016.12.17-11.13.39:444][  0]LogShaderCompilers: Guid format shader working directory is 5 characters bigger than the processId version (../../../../../LastLight_Git/TheLastLightV2/Intermediate/Shaders/WorkingDirectory/10844/).
[2016.12.17-11.13.39:444][  0]LogShaderCompilers: Cleaned the shader compiler working directory 'C:/Users/DAGNAB~1/AppData/Local/Temp/UnrealShaderWorkingDir/FD1C7157412A6B53BF251B8268D2C045/'.
[2016.12.17-11.13.39:444][  0]LogShaderCompilers:Display: Using Local Shader Compiler.
[2016.12.17-11.13.40:299][  0]LogTemp:Display: Loaded TP AllDesktopTargetPlatform
[2016.12.17-11.13.40:307][  0]LogTemp:Display: Loaded TP WindowsClientTargetPlatform
[2016.12.17-11.13.40:316][  0]LogTemp:Display: Loaded TP WindowsNoEditorTargetPlatform
[2016.12.17-11.13.40:324][  0]LogTemp:Display: Loaded TP WindowsServerTargetPlatform
[2016.12.17-11.13.40:333][  0]LogTemp:Display: Loaded TP WindowsTargetPlatform
[2016.12.17-11.13.40:342][  0]LogTemp:Display: Loaded TP AndroidTargetPlatform
[2016.12.17-11.13.40:350][  0]LogTemp:Display: Loaded TP Android_ASTCTargetPlatform
[2016.12.17-11.13.40:358][  0]LogTemp:Display: Loaded TP Android_ATCTargetPlatform
[2016.12.17-11.13.40:365][  0]LogTemp:Display: Loaded TP Android_DXTTargetPlatform
[2016.12.17-11.13.40:375][  0]LogTemp:Display: Loaded TP Android_ETC1TargetPlatform
[2016.12.17-11.13.40:383][  0]LogTemp:Display: Loaded TP Android_ETC2TargetPlatform
[2016.12.17-11.13.40:400][  0]LogTemp:Display: Loaded TP Android_MultiTargetPlatform
[2016.12.17-11.13.40:400][  0]LogTemp:Display: Loaded TP Android_PVRTCTargetPlatform
[2016.12.17-11.13.40:401][  0]LogTemp:Display: Loaded TP HTML5TargetPlatform
[2016.12.17-11.13.40:425][  0]LogTemp:Display: Loaded TP IOSTargetPlatform
[2016.12.17-11.13.40:434][  0]LogTemp:Display: Loaded TP TVOSTargetPlatform
[2016.12.17-11.13.40:446][  0]LogTemp:Display: Loaded TP LinuxNoEditorTargetPlatform
[2016.12.17-11.13.40:457][  0]LogTemp:Display: Loaded TP LinuxServerTargetPlatform
[2016.12.17-11.13.40:465][  0]LogTemp:Display: Loaded TP LinuxTargetPlatform
[2016.12.17-11.13.40:465][  0]LogTargetPlatformManager:Display: Building Assets For Windows
[2016.12.17-11.13.40:534][  0]LogDerivedDataCache:Display: Max Cache Size: 512 MB
[2016.12.17-11.13.40:599][  0]LogDerivedDataCache: Loaded boot cache 0.06s 48MB C:/Users/dagnabbit/AppData/Local/UnrealEngine/4.12/DerivedDataCache/Boot.ddc.
[2016.12.17-11.13.40:599][  0]LogDerivedDataCache:Display: Loaded Boot cache: C:/Users/dagnabbit/AppData/Local/UnrealEngine/4.12/DerivedDataCache/Boot.ddc
[2016.12.17-11.13.40:600][  0]LogDerivedDataCache: FDerivedDataBackendGraph:  Pak pak cache file ../../../../../LastLight_Git/TheLastLightV2/DerivedDataCache/DDC.ddp not found, will not use a pak cache.
[2016.12.17-11.13.40:600][  0]LogDerivedDataCache: Unable to find inner node Pak for hierarchical cache Hierarchy.
[2016.12.17-11.13.40:600][  0]LogDerivedDataCache: FDerivedDataBackendGraph:  CompressedPak pak cache file ../../../../../LastLight_Git/TheLastLightV2/DerivedDataCache/Compressed.ddp not found, will not use a pak cache.
[2016.12.17-11.13.40:600][  0]LogDerivedDataCache: Unable to find inner node CompressedPak for hierarchical cache Hierarchy.
[2016.12.17-11.13.40:617][  0]LogDerivedDataCache:Display: Pak cache opened for reading ../../../Engine/DerivedDataCache/Compressed.ddp.
[2016.12.17-11.13.40:629][  0]LogDerivedDataCache: Using Local data cache path C:/Users/dagnabbit/AppData/Local/UnrealEngine/Common/DerivedDataCache: Writable
[2016.12.17-11.13.40:805][  0]LogInit: Selected Device Profile: [Windows]
[2016.12.17-11.13.40:805][  0]LogContentStreaming: Texture pool size is 0.00 MB
[2016.12.17-11.13.40:958][  0]LogMeshUtilities: No automatic mesh reduction module available
[2016.12.17-11.13.40:958][  0]LogMeshUtilities: No automatic mesh merging module available
[2016.12.17-11.13.40:958][  0]LogMeshUtilities: No distributed automatic mesh merging module available
[2016.12.17-11.13.41:190][  0]LogAssetRegistry: FAssetRegistry took 0.0215 seconds to start up
[2016.12.17-11.13.41:214][  0]LogPackageLocalizationCache: Processed 3 localized package path(s) for 2 prioritized culture(s) in 0.021288 seconds
[2016.12.17-11.13.41:219][  0]LogUObjectArray: 28739 objects as part of root set at end of initial load.
[2016.12.17-11.13.41:219][  0]LogUObjectAllocator: 5855624 out of 0 bytes used by permanent object pool.
[2016.12.17-11.13.41:219][  0]LogUObjectArray: CloseDisregardForGC: 0/0 objects in disregard for GC pool
[2016.12.17-11.13.41:226][  0]LogInit: WinSock: version 1.1 (2.2), MaxSocks=32767, MaxUdp=65467
[2016.12.17-11.13.41:373][  0]LogSlate: SlateFontCache - WITH_FREETYPE: 1, WITH_HARFBUZZ: 1
[2016.12.17-11.13.41:373][  0]LogSlate: SlateFontCache - WITH_FREETYPE: 1, WITH_HARFBUZZ: 1
[2016.12.17-11.13.41:954][  0]LogSubstanceCoreModule: Substance CPU Engine Loaded, Max Texture Size 2048
[2016.12.17-11.13.41:960][  0]LogUdpMessaging: Initializing bridge on interface 0.0.0.0:0 to multicast group 230.0.0.1:6666.
[2016.12.17-11.13.42:146][  0]SourceControl: Info Source control is disabled
[2016.12.17-11.13.42:190][  0]SourceControl: Info Source control is disabled
[2016.12.17-11.13.42:195][  0]SourceControl: Info Source control is disabled
[2016.12.17-11.13.42:201][  0]SourceControl: Info Source control is disabled
[2016.12.17-11.13.42:364][  0]LogEngine: Initializing Engine...
[2016.12.17-11.13.42:365][  0]LogHMD: SteamVR failed to initialize.  Err: 110
[2016.12.17-11.13.42:365][  0]LogHMD: SteamVR failed to initialize.  Err: 110
[2016.12.17-11.13.42:496][  0]LogAIModule: Creating AISystem for world NewWorld
[2016.12.17-11.13.42:510][  0]LogInit: XAudio2 using 'Speakers (2- Logitech G930 Headset)' : 8 channels at 48 kHz using 16 bits per sample (channel mask 0x63f)
[2016.12.17-11.13.42:522][  0]LogInit: FAudioDevice initialized.
[2016.12.17-11.13.42:547][  0]LogDerivedDataCache: Saved boot cache 0.03s 48MB C:/Users/dagnabbit/AppData/Local/UnrealEngine/4.12/DerivedDataCache/Boot.ddc.
[2016.12.17-11.13.42:555][  0]LogInit: Texture streaming: Enabled
[2016.12.17-11.13.42:577][  0]LogInit: Transaction tracking system initialized
[2016.12.17-11.13.42:594][  0]BlueprintLog: New page: Editor Load
[2016.12.17-11.13.42:657][  0]LocalizationService: Info Localization service is disabled
[2016.12.17-11.13.42:705][  0]LogConsoleResponse:Display: 
[2016.12.17-11.13.42:799][  0]LogCook:Display: Max memory allowance for cook 8192mb
[2016.12.17-11.13.42:799][  0]LogCook:Display: Mobile HDR setting 1
[2016.12.17-11.13.42:869][  0]LogFileCache: Scanning file cache for directory 'D:/LastLight_Git/TheLastLightV2/Content/' took 0.01s
[2016.12.17-11.13.42:869][  0]SourceControl: Info Source control is disabled
[2016.12.17-11.13.42:870][  0]Cmd: MAP LOAD FILE="../../../Engine/Content/Maps/Templates/Template_Default.umap" TEMPLATE=1 SHOWPROGRESS=1 FEATURELEVEL=3
[2016.12.17-11.13.42:870][  0]LightingResults: New page: Lighting Build
[2016.12.17-11.13.42:872][  0]MapCheck: New page: Map Check
[2016.12.17-11.13.42:873][  0]LightingResults: New page: Lighting Build
[2016.12.17-11.13.43:085][  0]LogAIModule: Creating AISystem for world Untitled_1
[2016.12.17-11.13.43:090][  0]LogEditorServer: Finished looking for orphan Actors (0.000 secs)
[2016.12.17-11.13.43:094][  0]Cmd: MAP CHECKDEP NOCLEARLOG
[2016.12.17-11.13.43:122][  0]MapCheck: Info Map check complete: 0 Error(s), 0 Warning(s), took 27.697ms to complete.
[2016.12.17-11.13.43:122][  0]LogFileHelpers: Loading map 'Template_Default' took 0.253
[2016.12.17-11.13.43:256][  0]LogCollectionManager: Loaded 0 collections in 0.001176 seconds
[2016.12.17-11.13.43:299][  0]LogFileCache: Scanning file cache for directory 'D:/LastLight_Git/TheLastLightV2/Saved/Collections/' took 0.01s
[2016.12.17-11.13.43:299][  0]LogFileCache: Scanning file cache for directory 'D:/LastLight_Git/TheLastLightV2/Content/Developers/dagnabbit/Collections/' took 0.01s
[2016.12.17-11.13.43:299][  0]LogFileCache: Scanning file cache for directory 'D:/LastLight_Git/TheLastLightV2/Content/Collections/' took 0.01s
[2016.12.17-11.13.43:299][  0]LogCollectionManager: Rebuilt the GUID cache for 0 collections in 0.000003 seconds
[2016.12.17-11.13.43:308][  0]LogContentBrowser: Native class hierarchy populated in 0.0087 seconds. Added 2062 classes and 375 folders.
[2016.12.17-11.13.43:312][  0]LogStats: UGameplayTagsManager::ConstructGameplayTagTree: Construct from data asset -  0.000 s
[2016.12.17-11.13.43:312][  0]LogStats: UGameplayTagsManager::ConstructGameplayTagTree: GameplayTagTreeChangedEvent.Broadcast -  0.000 s
[2016.12.17-11.13.43:312][  0]LogContentBrowser: Native class hierarchy updated for 'GameplayTags' in 0.0004 seconds. Added 12 classes and 0 folders.
[2016.12.17-11.13.43:316][  0]LogContentBrowser: Native class hierarchy updated for 'WidgetCarousel' in 0.0003 seconds. Added 0 classes and 0 folders.
[2016.12.17-11.13.43:347][  0]LogContentBrowser: Native class hierarchy updated for 'AddContentDialog' in 0.0004 seconds. Added 0 classes and 0 folders.
[2016.12.17-11.13.43:350][  0]LogContentBrowser: Native class hierarchy updated for 'SceneOutliner' in 0.0004 seconds. Added 1 classes and 2 folders.
[2016.12.17-11.13.43:362][  0]LogCrashTracker: Crashtracker disabled due to settings.
[2016.12.17-11.13.43:366][  0]LogUObjectGlobals:Warning: Failed to find object 'Class None.'
[2016.12.17-11.13.43:391][  0]LogContentBrowser: Native class hierarchy updated for 'HierarchicalLODOutliner' in 0.0004 seconds. Added 1 classes and 2 folders.
[2016.12.17-11.13.43:391][  0]LogLoad: Full Startup: 5.13 seconds (BP compile: 0.03 seconds)
[2016.12.17-11.13.43:391][  0]LogExternalProfiler: No external profilers were discovered.  External profiling features will not be available.
[2016.12.17-11.13.43:400][  0]LogWindowsTextInputMethodSystem:Display: IME system now deactivated.
[2016.12.17-11.13.43:400][  0]LogOcInput: OculusInput pre-init called
[2016.12.17-11.13.43:420][  0]LogContentStreaming: Texture pool size now 700 MB
[2016.12.17-11.13.43:569][  2]LogRenderer: Reallocating scene render targets to support 684x368 (Frame:2).
[2016.12.17-11.13.43:641][  2]LogAssetRegistry: Asset discovery search completed in 2.4716 seconds
[2016.12.17-11.13.43:641][  2]LogCollectionManager: Rebuilt the object cache for 0 collections in 0.000001 seconds (found 0 objects)
[2016.12.17-11.13.43:641][  2]LogCollectionManager: Fixed up redirectors for 0 collections in 0.000023 seconds (updated 0 objects)
[2016.12.17-11.13.53:759][995]LogRenderer: Reallocating scene render targets to support 1020x576 (Frame:998).
[2016.12.17-11.15.00:050][897]LogWindowsTextInputMethodSystem:Display: IME system now deactivated.
[2016.12.17-11.15.00:212][898]Cmd: QUIT_EDITOR
[2016.12.17-11.15.00:262][898]LogExit: Preparing to exit.
[2016.12.17-11.15.01:108][898]LogExit: Editor shut down
[2016.12.17-11.15.01:108][898]LogExit: Transaction tracking system shut down
[2016.12.17-11.15.01:217][898]LogObj: Freed 0b from 0 cluster array pools.
[2016.12.17-11.15.01:217][898]LogExit: Object subsystem successfully closed.
[2016.12.17-11.15.01:231][898]LogD3D11RHI: Shutdown
[2016.12.17-11.15.01:231][898]LogD3D11RHI: CleanupD3DDevice
[2016.12.17-11.15.01:280][898]LogD3D11RHI: ~FD3D11DynamicRHI
[2016.12.17-11.15.01:287][898]LogModuleManager: Shutting down and abandoning module HierarchicalLODOutliner (216)
[2016.12.17-11.15.01:287][898]LogModuleManager: Shutting down and abandoning module CrashTracker (215)
[2016.12.17-11.15.01:288][898]LogModuleManager: Shutting down and abandoning module SceneOutliner (214)
[2016.12.17-11.15.01:288][898]LogModuleManager: Shutting down and abandoning module WidgetCarousel (213)
[2016.12.17-11.15.01:288][898]LogModuleManager: Shutting down and abandoning module AddContentDialog (212)
[2016.12.17-11.15.01:288][898]LogModuleManager: Shutting down and abandoning module GameplayTags (211)
[2016.12.17-11.15.01:288][898]LogModuleManager: Shutting down and abandoning module EditorWidgets (210)
[2016.12.17-11.15.01:288][898]LogModuleManager: Shutting down and abandoning module CollectionManager (209)
[2016.12.17-11.15.01:289][898]LogModuleManager: Shutting down and abandoning module ExternalImagePicker (208)
[2016.12.17-11.15.01:289][898]LogModuleManager: Shutting down and abandoning module StatsViewer (207)
[2016.12.17-11.15.01:289][898]LogModuleManager: Shutting down and abandoning module FoliageEdit (206)
[2016.12.17-11.15.01:289][898]LogModuleManager: Shutting down and abandoning module LandscapeEditor (205)
[2016.12.17-11.15.01:289][898]LogModuleManager: Shutting down and abandoning module SceneDepthPickerMode (204)
[2016.12.17-11.15.01:289][898]LogModuleManager: Shutting down and abandoning module ActorPickerMode (203)
[2016.12.17-11.15.01:289][898]LogModuleManager: Shutting down and abandoning module GeometryMode (202)
[2016.12.17-11.15.01:289][898]LogModuleManager: Shutting down and abandoning module TextureAlignMode (201)
[2016.12.17-11.15.01:289][898]LogModuleManager: Shutting down and abandoning module BspMode (200)
[2016.12.17-11.15.01:289][898]LogModuleManager: Shutting down and abandoning module HardwareSurvey (199)
[2016.12.17-11.15.01:289][898]LogModuleManager: Shutting down and abandoning module SequenceRecorderSections (198)
[2016.12.17-11.15.01:289][898]LogModuleManager: Shutting down and abandoning module SequenceRecorder (197)
[2016.12.17-11.15.01:289][898]LogModuleManager: Shutting down and abandoning module AutomationWorker (196)
[2016.12.17-11.15.01:289][898]LogModuleManager: Shutting down and abandoning module MatineeToLevelSequence (195)
[2016.12.17-11.15.01:289][898]LogModuleManager: Shutting down and abandoning module PlacementMode (194)
[2016.12.17-11.15.01:289][898]LogModuleManager: Shutting down and abandoning module LevelSequenceEditor (193)
[2016.12.17-11.15.01:289][898]LogModuleManager: Shutting down and abandoning module CharacterAI (192)
[2016.12.17-11.15.01:290][898]LogModuleManager: Shutting down and abandoning module SmartSnapping (191)
[2016.12.17-11.15.01:290][898]LogModuleManager: Shutting down and abandoning module SessionServices (190)
[2016.12.17-11.15.01:290][898]LogModuleManager: Shutting down and abandoning module ViewportSnapping (189)
[2016.12.17-11.15.01:290][898]LogModuleManager: Shutting down and abandoning module LogVisualizer (188)
[2016.12.17-11.15.01:290][898]LogModuleManager: Shutting down and abandoning module GameProjectGeneration (187)
[2016.12.17-11.15.01:290][898]LogModuleManager: Shutting down and abandoning module IntroTutorials (186)
[2016.12.17-11.15.01:290][898]LogModuleManager: Shutting down and abandoning module EditorLiveStreaming (185)
[2016.12.17-11.15.01:290][898]LogModuleManager: Shutting down and abandoning module IOSPlatformEditor (184)
[2016.12.17-11.15.01:290][898]LogModuleManager: Shutting down and abandoning module HTML5PlatformEditor (183)
[2016.12.17-11.15.01:290][898]LogModuleManager: Shutting down and abandoning module AndroidDeviceDetection (182)
[2016.12.17-11.15.01:708][898]LogModuleManager: Shutting down and abandoning module AndroidPlatformEditor (181)
[2016.12.17-11.15.01:708][898]LogModuleManager: Shutting down and abandoning module IOSRuntimeSettings (180)
[2016.12.17-11.15.01:708][898]LogModuleManager: Shutting down and abandoning module AndroidRuntimeSettings (179)
[2016.12.17-11.15.01:708][898]LogModuleManager: Shutting down and abandoning module MergeActors (178)
[2016.12.17-11.15.01:708][898]LogModuleManager: Shutting down and abandoning module SizeMap (177)
[2016.12.17-11.15.01:708][898]LogModuleManager: Shutting down and abandoning module TreeMap (176)
[2016.12.17-11.15.01:708][898]LogModuleManager: Shutting down and abandoning module ReferenceViewer (175)
[2016.12.17-11.15.01:708][898]LogModuleManager: Shutting down and abandoning module LocalizationService (174)
[2016.12.17-11.15.01:708][898]LogModuleManager: Shutting down and abandoning module LocalizationDashboard (173)
[2016.12.17-11.15.01:708][898]LogModuleManager: Shutting down and abandoning module HardwareTargeting (172)
[2016.12.17-11.15.01:708][898]LogModuleManager: Shutting down and abandoning module DeviceProfileEditor (171)
[2016.12.17-11.15.01:708][898]LogModuleManager: Shutting down and abandoning module UndoHistory (170)
[2016.12.17-11.15.01:708][898]LogModuleManager: Shutting down and abandoning module UserFeedback (169)
[2016.12.17-11.15.01:708][898]LogModuleManager: Shutting down and abandoning module XmlParser (168)
[2016.12.17-11.15.01:708][898]LogModuleManager: Shutting down and abandoning module Blutility (167)
[2016.12.17-11.15.01:708][898]LogModuleManager: Shutting down and abandoning module ProjectTargetPlatformEditor (166)
[2016.12.17-11.15.01:708][898]LogModuleManager: Shutting down and abandoning module ProjectSettingsViewer (165)
[2016.12.17-11.15.01:708][898]LogModuleManager: Shutting down and abandoning module InputBindingEditor (164)
[2016.12.17-11.15.01:708][898]LogModuleManager: Shutting down and abandoning module EditorSettingsViewer (163)
[2016.12.17-11.15.01:708][898]LogModuleManager: Shutting down and abandoning module SettingsEditor (162)
[2016.12.17-11.15.01:708][898]LogModuleManager: Shutting down and abandoning module ProjectLauncher (161)
[2016.12.17-11.15.01:708][898]LogModuleManager: Shutting down and abandoning module SessionFrontend (160)
[2016.12.17-11.15.01:709][898]LogModuleManager: Shutting down and abandoning module ProfilerClient (159)
[2016.12.17-11.15.01:709][898]LogModuleManager: Shutting down and abandoning module TargetDeviceServices (158)
[2016.12.17-11.15.01:709][898]LogModuleManager: Shutting down and abandoning module DeviceManager (157)
[2016.12.17-11.15.01:750][898]LogModuleManager: Shutting down and abandoning module AutomationController (156)
[2016.12.17-11.15.01:750][898]LogModuleManager: Shutting down and abandoning module AutomationWindow (155)
[2016.12.17-11.15.01:750][898]LogModuleManager: Shutting down and abandoning module Layers (154)
[2016.12.17-11.15.01:750][898]LogModuleManager: Shutting down and abandoning module ComponentVisualizers (153)
[2016.12.17-11.15.01:750][898]LogModuleManager: Shutting down and abandoning module DetailCustomizations (152)
[2016.12.17-11.15.01:750][898]LogModuleManager: Shutting down and abandoning module PackagesDialog (151)
[2016.12.17-11.15.01:750][898]LogModuleManager: Shutting down and abandoning module Persona (150)
[2016.12.17-11.15.01:750][898]LogModuleManager: Shutting down and abandoning module Kismet (149)
[2016.12.17-11.15.01:750][898]LogModuleManager: Shutting down and abandoning module GraphEditor (148)
[2016.12.17-11.15.01:750][898]LogModuleManager: Shutting down and abandoning module ClassViewer (147)
[2016.12.17-11.15.01:750][898]LogModuleManager: Shutting down and abandoning module Toolbox (146)
[2016.12.17-11.15.01:750][898]LogModuleManager: Shutting down and abandoning module ModuleUI (145)
[2016.12.17-11.15.01:750][898]LogModuleManager: Shutting down and abandoning module MovieSceneTools (144)
[2016.12.17-11.15.01:750][898]LogModuleManager: Shutting down and abandoning module OutputLog (143)
[2016.12.17-11.15.01:750][898]LogModuleManager: Shutting down and abandoning module GammaUI (142)
[2016.12.17-11.15.01:750][898]LogModuleManager: Shutting down and abandoning module Documentation (141)
[2016.12.17-11.15.01:750][898]LogModuleManager: Shutting down and abandoning module StreamingPauseRendering (140)
[2016.12.17-11.15.01:750][898]LogModuleManager: Shutting down and abandoning module AnalyticsET (139)
[2016.12.17-11.15.01:750][898]LogModuleManager: Shutting down and abandoning module Analytics (138)
[2016.12.17-11.15.01:750][898]LogModuleManager: Shutting down and abandoning module PortalServices (137)
[2016.12.17-11.15.01:750][898]LogModuleManager: Shutting down and abandoning module PortalRpc (136)
[2016.12.17-11.15.01:750][898]LogModuleManager: Shutting down and abandoning module MessagingRpc (135)
[2016.12.17-11.15.01:750][898]LogModuleManager: Shutting down and abandoning module GameplayDebugger (134)
[2016.12.17-11.15.01:750][898]LogModuleManager: Shutting down and abandoning module AITestSuite (133)
[2016.12.17-11.15.01:750][898]LogModuleManager: Shutting down and abandoning module AIModule (132)
[2016.12.17-11.15.01:750][898]LogModuleManager: Shutting down and abandoning module ProfilerService (131)
[2016.12.17-11.15.01:945][898]LogModuleManager: Shutting down and abandoning module TaskGraph (130)
[2016.12.17-11.15.01:945][898]LogModuleManager: Shutting down and abandoning module SubstanceEditor (129)
[2016.12.17-11.15.01:945][898]LogModuleManager: Shutting down and abandoning module SlateRemote (128)
[2016.12.17-11.15.01:945][898]LogModuleManager: Shutting down and abandoning module SteamVRController (127)
[2016.12.17-11.15.01:945][898]LogModuleManager: Shutting down and abandoning module SteamVR (126)
[2016.12.17-11.15.01:945][898]LogModuleManager: Shutting down and abandoning module ProceduralMeshComponent (125)
[2016.12.17-11.15.01:945][898]LogModuleManager: Shutting down and abandoning module OculusLibrary (124)
[2016.12.17-11.15.01:945][898]LogModuleManager: Shutting down and abandoning module OculusInput (123)
[2016.12.17-11.15.01:945][898]LogModuleManager: Shutting down and abandoning module CustomMeshComponent (122)
[2016.12.17-11.15.01:945][898]LogModuleManager: Shutting down and abandoning module CableComponent (121)
[2016.12.17-11.15.01:945][898]LogModuleManager: Shutting down and abandoning module ArchVisCharacter (120)
[2016.12.17-11.15.01:945][898]LogModuleManager: Shutting down and abandoning module MediaPlayerEditor (119)
[2016.12.17-11.15.01:945][898]LogModuleManager: Shutting down and abandoning module HTML5Networking (118)
[2016.12.17-11.15.01:945][898]LogModuleManager: Shutting down and abandoning module SuperSearch (117)
[2016.12.17-11.15.01:945][898]LogModuleManager: Shutting down and abandoning module SuperSearchEditor (116)
[2016.12.17-11.15.01:945][898]LogModuleManager: Shutting down and abandoning module SpeedTreeImporter (115)
[2016.12.17-11.15.01:945][898]LogModuleManager: Shutting down and abandoning module PluginBrowser (114)
[2016.12.17-11.15.01:945][898]LogModuleManager: Shutting down and abandoning module EpicSurvey (113)
[2016.12.17-11.15.01:945][898]LogModuleManager: Shutting down and abandoning module DesktopPlatform (112)
[2016.12.17-11.15.01:945][898]LogModuleManager: Shutting down and abandoning module VisualStudioSourceCodeAccess (111)
[2016.12.17-11.15.01:945][898]LogModuleManager: Shutting down and abandoning module UObjectPlugin (110)
[2016.12.17-11.15.01:945][898]LogModuleManager: Shutting down and abandoning module SubversionSourceControl (109)
[2016.12.17-11.15.01:945][898]LogModuleManager: Shutting down and abandoning module PerforceSourceControl (108)
[2016.12.17-11.15.01:945][898]LogModuleManager: Shutting down and abandoning module SourceControl (107)
[2016.12.17-11.15.01:945][898]LogModuleManager: Shutting down and abandoning module GitSourceControl (106)
[2016.12.17-11.15.01:945][898]LogModuleManager: Shutting down and abandoning module LightPropagationVolumeEditor (105)
[2016.12.17-11.15.01:945][898]LogModuleManager: Shutting down and abandoning module PaperTiledImporter (104)
[2016.12.17-11.15.01:945][898]LogModuleManager: Shutting down and abandoning module PaperSpriteSheetImporter (103)
[2016.12.17-11.15.01:945][898]LogModuleManager: Shutting down and abandoning module MeshPaint (102)
[2016.12.17-11.15.01:945][898]LogModuleManager: Shutting down and abandoning module PixelInspectorModule (101)
[2016.12.17-11.15.01:945][898]LogModuleManager: Shutting down and abandoning module HotReload (100)
[2016.12.17-11.15.01:945][898]LogModuleManager: Shutting down and abandoning module MainFrame (99)
[2016.12.17-11.15.01:945][898]LogModuleManager: Shutting down and abandoning module LevelEditor (98)
[2016.12.17-11.15.01:946][898]LogModuleManager: Shutting down and abandoning module ContentBrowser (97)
[2016.12.17-11.15.01:947][898]LogModuleManager: Shutting down and abandoning module Paper2DEditor (96)
[2016.12.17-11.15.01:947][898]LogModuleManager: Shutting down and abandoning module UdpMessaging (95)
[2016.12.17-11.15.02:048][898]LogModuleManager: Shutting down and abandoning module SubstanceCore (94)
[2016.12.17-11.15.02:048][898]LogModuleManager: Shutting down and abandoning module LightPropagationVolumeRuntime (93)
[2016.12.17-11.15.02:048][898]LogModuleManager: Shutting down and abandoning module Paper2D (92)
[2016.12.17-11.15.02:048][898]LogModuleManager: Shutting down and abandoning module WindowsMoviePlayer (91)
[2016.12.17-11.15.02:048][898]LogModuleManager: Shutting down and abandoning module Media (90)
[2016.12.17-11.15.02:048][898]LogModuleManager: Shutting down and abandoning module WmfMedia (89)
[2016.12.17-11.15.02:048][898]LogModuleManager: Shutting down and abandoning module MediaAssets (88)
[2016.12.17-11.15.02:048][898]LogModuleManager: Shutting down and abandoning module GameLiveStreaming (87)
[2016.12.17-11.15.02:048][898]LogModuleManager: Shutting down and abandoning module GameplayTagsEditor (86)
[2016.12.17-11.15.02:048][898]LogModuleManager: Shutting down and abandoning module OnlineBlueprintSupport (85)
[2016.12.17-11.15.02:048][898]LogModuleManager: Shutting down and abandoning module VREditor (84)
[2016.12.17-11.15.02:048][898]LogModuleManager: Shutting down and abandoning module GameplayTasksEditor (83)
[2016.12.17-11.15.02:048][898]LogModuleManager: Shutting down and abandoning module PropertyEditor (82)
[2016.12.17-11.15.02:048][898]LogModuleManager: Shutting down and abandoning module BehaviorTreeEditor (81)
[2016.12.17-11.15.02:048][898]LogModuleManager: Shutting down and abandoning module FunctionalTesting (80)
[2016.12.17-11.15.02:048][898]LogModuleManager: Shutting down and abandoning module CollisionAnalyzer (79)
[2016.12.17-11.15.02:048][898]LogModuleManager: Shutting down and abandoning module Sequencer (78)
[2016.12.17-11.15.02:048][898]LogModuleManager: Shutting down and abandoning module WorkspaceMenuStructure (77)
[2016.12.17-11.15.02:048][898]LogModuleManager: Shutting down and abandoning module MessageLog (76)
[2016.12.17-11.15.02:048][898]LogModuleManager: Shutting down and abandoning module AssetTools (75)
[2016.12.17-11.15.02:049][898]LogModuleManager: Shutting down and abandoning module UMGEditor (74)
[2016.12.17-11.15.02:049][898]LogModuleManager: Shutting down and abandoning module UMG (73)
[2016.12.17-11.15.02:049][898]LogModuleManager: Shutting down and abandoning module SlateReflector (72)
[2016.12.17-11.15.02:049][898]LogModuleManager: Shutting down and abandoning module Slate (71)
[2016.12.17-11.15.02:049][898]LogModuleManager: Shutting down and abandoning module EditorStyle (70)
[2016.12.17-11.15.02:051][898]LogModuleManager: Shutting down and abandoning module SourceCodeAccess (69)
[2016.12.17-11.15.02:051][898]LogModuleManager: Shutting down and abandoning module HeadMountedDisplay (68)
[2016.12.17-11.15.02:051][898]LogModuleManager: Shutting down and abandoning module XAudio2 (67)
[2016.12.17-11.15.02:051][898]LogModuleManager: Shutting down and abandoning module Networking (65)
[2016.12.17-11.15.02:051][898]LogModuleManager: Shutting down and abandoning module Core (64)
[2016.12.17-11.15.02:051][898]LogModuleManager: Shutting down and abandoning module DirectoryWatcher (63)
[2016.12.17-11.15.02:051][898]LogModuleManager: Shutting down and abandoning module AssetRegistry (62)
[2016.12.17-11.15.02:154][898]LogModuleManager: Shutting down and abandoning module KismetCompiler (61)
[2016.12.17-11.15.02:154][898]LogModuleManager: Shutting down and abandoning module PhysXFormats (60)
[2016.12.17-11.15.02:154][898]LogModuleManager: Shutting down and abandoning module MeshUtilities (59)
[2016.12.17-11.15.02:154][898]LogModuleManager: Shutting down and abandoning module DerivedDataCache (58)
[2016.12.17-11.15.02:181][898]LogDerivedDataCache: Shutdown
[2016.12.17-11.15.02:181][898]LogModuleManager: Shutting down and abandoning module VulkanShaderFormat (57)
[2016.12.17-11.15.02:181][898]LogModuleManager: Shutting down and abandoning module ShaderFormatOpenGL (56)
[2016.12.17-11.15.02:181][898]LogModuleManager: Shutting down and abandoning module ShaderFormatD3D (55)
[2016.12.17-11.15.02:181][898]LogModuleManager: Shutting down and abandoning module MetalShaderFormat (54)
[2016.12.17-11.15.02:181][898]LogModuleManager: Shutting down and abandoning module TextureFormatUncompressed (53)
[2016.12.17-11.15.02:181][898]LogModuleManager: Shutting down and abandoning module TextureFormatPVR (52)
[2016.12.17-11.15.02:181][898]LogModuleManager: Shutting down and abandoning module TextureFormatIntelISPCTexComp (51)
[2016.12.17-11.15.02:181][898]LogModuleManager: Shutting down and abandoning module TextureFormatDXT (50)
[2016.12.17-11.15.02:181][898]LogModuleManager: Shutting down and abandoning module ImageWrapper (49)
[2016.12.17-11.15.02:181][898]LogModuleManager: Shutting down and abandoning module TextureFormatASTC (48)
[2016.12.17-11.15.02:181][898]LogModuleManager: Shutting down and abandoning module TextureFormatAndroid (47)
[2016.12.17-11.15.02:181][898]LogModuleManager: Shutting down and abandoning module AudioFormatOpus (46)
[2016.12.17-11.15.02:181][898]LogModuleManager: Shutting down and abandoning module AudioFormatOgg (45)
[2016.12.17-11.15.02:181][898]LogModuleManager: Shutting down and abandoning module AudioFormatADPCM (44)
[2016.12.17-11.15.02:181][898]LogModuleManager: Shutting down and abandoning module LinuxTargetPlatform (43)
[2016.12.17-11.15.02:181][898]LogModuleManager: Shutting down and abandoning module LinuxServerTargetPlatform (42)
[2016.12.17-11.15.02:181][898]LogModuleManager: Shutting down and abandoning module LinuxNoEditorTargetPlatform (41)
[2016.12.17-11.15.02:181][898]LogModuleManager: Shutting down and abandoning module TVOSTargetPlatform (40)
[2016.12.17-11.15.02:181][898]LogModuleManager: Shutting down and abandoning module Messaging (39)
[2016.12.17-11.15.02:181][898]LogModuleManager: Shutting down and abandoning module IOSTargetPlatform (38)
[2016.12.17-11.15.02:181][898]LogModuleManager: Shutting down and abandoning module HTML5TargetPlatform (37)
[2016.12.17-11.15.02:181][898]LogModuleManager: Shutting down and abandoning module Android_PVRTCTargetPlatform (36)
[2016.12.17-11.15.02:181][898]LogModuleManager: Shutting down and abandoning module Android_MultiTargetPlatform (35)
[2016.12.17-11.15.02:181][898]LogModuleManager: Shutting down and abandoning module Android_ETC2TargetPlatform (34)
[2016.12.17-11.15.02:181][898]LogModuleManager: Shutting down and abandoning module Android_ETC1TargetPlatform (33)
[2016.12.17-11.15.02:181][898]LogModuleManager: Shutting down and abandoning module Android_DXTTargetPlatform (32)
[2016.12.17-11.15.02:181][898]LogModuleManager: Shutting down and abandoning module Android_ATCTargetPlatform (31)
[2016.12.17-11.15.02:181][898]LogModuleManager: Shutting down and abandoning module Android_ASTCTargetPlatform (30)
[2016.12.17-11.15.02:181][898]LogModuleManager: Shutting down and abandoning module AndroidTargetPlatform (29)
[2016.12.17-11.15.02:181][898]LogModuleManager: Shutting down and abandoning module WindowsTargetPlatform (28)
[2016.12.17-11.15.02:181][898]LogModuleManager: Shutting down and abandoning module WindowsServerTargetPlatform (27)
[2016.12.17-11.15.02:181][898]LogModuleManager: Shutting down and abandoning module WindowsNoEditorTargetPlatform (26)
[2016.12.17-11.15.02:181][898]LogModuleManager: Shutting down and abandoning module WindowsClientTargetPlatform (25)
[2016.12.17-11.15.02:181][898]LogModuleManager: Shutting down and abandoning module AllDesktopTargetPlatform (24)
[2016.12.17-11.15.02:181][898]LogModuleManager: Shutting down and abandoning module TargetPlatform (23)
[2016.12.17-11.15.02:181][898]LogModuleManager: Shutting down and abandoning module InputCore (22)
[2016.12.17-11.15.02:181][898]LogModuleManager: Shutting down and abandoning module Settings (21)
[2016.12.17-11.15.02:181][898]LogModuleManager: Shutting down and abandoning module OnlineSubsystem (19)
[2016.12.17-11.15.02:181][898]LogModuleManager: Shutting down and abandoning module HTTP (18)
[2016.12.17-11.15.03:683][898]LogModuleManager: Shutting down and abandoning module XMPP (17)
[2016.12.17-11.15.03:683][898]LogModuleManager: Shutting down and abandoning module OculusRift (16)
[2016.12.17-11.15.03:683][898]LogModuleManager: Shutting down and abandoning module ExampleDeviceProfileSelector (15)
[2016.12.17-11.15.03:683][898]LogModuleManager: Shutting down and abandoning module TextureCompressor (14)
[2016.12.17-11.15.03:683][898]LogModuleManager: Shutting down and abandoning module ShaderCore (13)
[2016.12.17-11.15.03:683][898]LogModuleManager: Shutting down and abandoning module Landscape (12)
[2016.12.17-11.15.03:683][898]LogModuleManager: Shutting down and abandoning module SlateRHIRenderer (11)
[2016.12.17-11.15.03:684][898]LogModuleManager: Shutting down and abandoning module OpenGLDrv (10)
[2016.12.17-11.15.03:684][898]LogModuleManager: Shutting down and abandoning module D3D11RHI (9)
[2016.12.17-11.15.03:684][898]LogModuleManager: Shutting down and abandoning module AnimGraphRuntime (8)
[2016.12.17-11.15.03:684][898]LogModuleManager: Shutting down and abandoning module Renderer (7)
[2016.12.17-11.15.03:684][898]LogModuleManager: Shutting down and abandoning module Engine (6)
[2016.12.17-11.15.03:684][898]LogModuleManager: Shutting down and abandoning module CoreUObject (5)
[2016.12.17-11.15.03:684][898]LogModuleManager: Shutting down and abandoning module NetworkFile (4)
[2016.12.17-11.15.03:684][898]LogModuleManager: Shutting down and abandoning module StreamingFile (3)
[2016.12.17-11.15.03:684][898]LogModuleManager: Shutting down and abandoning module SandboxFile (2)
[2016.12.17-11.15.03:684][898]LogModuleManager: Shutting down and abandoning module PakFile (1)
[2016.12.17-11.15.03:685][898]LogExit: Exiting.
[2016.12.17-11.15.03:687][898]Log file closed, 12/17/16 03:15:03
